---------- Date: 2013-02-02 19:25:21 ~ IP : 68.191.137.177 ----------
REQUEST URI : /shop/index.php?route=common/home
MOD DETAILS:
   modFile   : D:\Hosting\2538419\html\shop\vqmod\xml\multiupload_files.xml
   id        : Multiupload files with filemanager
   version   : 1.0.0
   vqmver    : 1.2.0
   author    : Chumachkin Mihail Aleksandrovich chumachkin.m@gmail.com
Could not resolve path for [/admin/language/russian/common/filemanager.php] (SKIPPED)
----------------------------------------------------------------------


---------- Date: 2013-02-02 19:25:25 ~ IP : 68.191.137.177 ----------
REQUEST URI : /shop/index.php?route=product/product&amp;product_id=356
MOD DETAILS:
   modFile   : D:\Hosting\2538419\html\shop\vqmod\xml\multiupload_files.xml
   id        : Multiupload files with filemanager
   version   : 1.0.0
   vqmver    : 1.2.0
   author    : Chumachkin Mihail Aleksandrovich chumachkin.m@gmail.com
Could not resolve path for [/admin/language/russian/common/filemanager.php] (SKIPPED)
----------------------------------------------------------------------


---------- Date: 2013-02-02 19:25:26 ~ IP : 68.191.137.177 ----------
REQUEST URI : /shop/index.php?route=product/product/captcha
MOD DETAILS:
   modFile   : D:\Hosting\2538419\html\shop\vqmod\xml\multiupload_files.xml
   id        : Multiupload files with filemanager
   version   : 1.0.0
   vqmver    : 1.2.0
   author    : Chumachkin Mihail Aleksandrovich chumachkin.m@gmail.com
Could not resolve path for [/admin/language/russian/common/filemanager.php] (SKIPPED)
----------------------------------------------------------------------


---------- Date: 2013-02-02 19:25:26 ~ IP : 68.191.137.177 ----------
REQUEST URI : /shop/index.php?route=product/product/review&amp;product_id=356
MOD DETAILS:
   modFile   : D:\Hosting\2538419\html\shop\vqmod\xml\multiupload_files.xml
   id        : Multiupload files with filemanager
   version   : 1.0.0
   vqmver    : 1.2.0
   author    : Chumachkin Mihail Aleksandrovich chumachkin.m@gmail.com
Could not resolve path for [/admin/language/russian/common/filemanager.php] (SKIPPED)
----------------------------------------------------------------------


---------- Date: 2013-02-02 19:25:33 ~ IP : 68.191.137.177 ----------
REQUEST URI : /shop/index.php?route=product/product&amp;product_id=356
MOD DETAILS:
   modFile   : D:\Hosting\2538419\html\shop\vqmod\xml\multiupload_files.xml
   id        : Multiupload files with filemanager
   version   : 1.0.0
   vqmver    : 1.2.0
   author    : Chumachkin Mihail Aleksandrovich chumachkin.m@gmail.com
Could not resolve path for [/admin/language/russian/common/filemanager.php] (SKIPPED)
----------------------------------------------------------------------


---------- Date: 2013-02-02 19:25:34 ~ IP : 68.191.137.177 ----------
REQUEST URI : /shop/index.php?route=product/product/captcha
MOD DETAILS:
   modFile   : D:\Hosting\2538419\html\shop\vqmod\xml\multiupload_files.xml
   id        : Multiupload files with filemanager
   version   : 1.0.0
   vqmver    : 1.2.0
   author    : Chumachkin Mihail Aleksandrovich chumachkin.m@gmail.com
Could not resolve path for [/admin/language/russian/common/filemanager.php] (SKIPPED)
----------------------------------------------------------------------


---------- Date: 2013-02-02 19:25:35 ~ IP : 68.191.137.177 ----------
REQUEST URI : /shop/index.php?route=product/product/review&amp;product_id=356
MOD DETAILS:
   modFile   : D:\Hosting\2538419\html\shop\vqmod\xml\multiupload_files.xml
   id        : Multiupload files with filemanager
   version   : 1.0.0
   vqmver    : 1.2.0
   author    : Chumachkin Mihail Aleksandrovich chumachkin.m@gmail.com
Could not resolve path for [/admin/language/russian/common/filemanager.php] (SKIPPED)
----------------------------------------------------------------------


---------- Date: 2013-02-02 19:25:50 ~ IP : 68.191.137.177 ----------
REQUEST URI : /shop/index.php?route=product/category&amp;path=59
MOD DETAILS:
   modFile   : D:\Hosting\2538419\html\shop\vqmod\xml\multiupload_files.xml
   id        : Multiupload files with filemanager
   version   : 1.0.0
   vqmver    : 1.2.0
   author    : Chumachkin Mihail Aleksandrovich chumachkin.m@gmail.com
Could not resolve path for [/admin/language/russian/common/filemanager.php] (SKIPPED)
MOD DETAILS:
   modFile   : D:\Hosting\2538419\html\shop\vqmod\xml\dbassa_catalog_categories_to_information_pages.xml
   id        : Categories to Information Pages
   version   : 2.3
   vqmver    : 2.1.7
   author    : dbassa - danbasper@gmail.com
SEARCH NOT FOUND (ABORTING MOD): => $this->url->link('product/category', 'path=' . $path)

----------------------------------------------------------------------


---------- Date: 2013-02-02 19:25:52 ~ IP : 68.191.137.177 ----------
REQUEST URI : /shop/index.php?route=product/product&amp;path=59&amp;product_id=251
MOD DETAILS:
   modFile   : D:\Hosting\2538419\html\shop\vqmod\xml\multiupload_files.xml
   id        : Multiupload files with filemanager
   version   : 1.0.0
   vqmver    : 1.2.0
   author    : Chumachkin Mihail Aleksandrovich chumachkin.m@gmail.com
Could not resolve path for [/admin/language/russian/common/filemanager.php] (SKIPPED)
----------------------------------------------------------------------


---------- Date: 2013-02-02 19:25:53 ~ IP : 68.191.137.177 ----------
REQUEST URI : /shop/index.php?route=product/product/captcha
MOD DETAILS:
   modFile   : D:\Hosting\2538419\html\shop\vqmod\xml\multiupload_files.xml
   id        : Multiupload files with filemanager
   version   : 1.0.0
   vqmver    : 1.2.0
   author    : Chumachkin Mihail Aleksandrovich chumachkin.m@gmail.com
Could not resolve path for [/admin/language/russian/common/filemanager.php] (SKIPPED)
----------------------------------------------------------------------


---------- Date: 2013-02-02 19:25:53 ~ IP : 68.191.137.177 ----------
REQUEST URI : /shop/index.php?route=product/product/review&amp;product_id=251
MOD DETAILS:
   modFile   : D:\Hosting\2538419\html\shop\vqmod\xml\multiupload_files.xml
   id        : Multiupload files with filemanager
   version   : 1.0.0
   vqmver    : 1.2.0
   author    : Chumachkin Mihail Aleksandrovich chumachkin.m@gmail.com
Could not resolve path for [/admin/language/russian/common/filemanager.php] (SKIPPED)
----------------------------------------------------------------------


---------- Date: 2013-02-02 19:26:12 ~ IP : 68.191.137.177 ----------
REQUEST URI : /shop/index.php?route=product/category&amp;path=109
MOD DETAILS:
   modFile   : D:\Hosting\2538419\html\shop\vqmod\xml\multiupload_files.xml
   id        : Multiupload files with filemanager
   version   : 1.0.0
   vqmver    : 1.2.0
   author    : Chumachkin Mihail Aleksandrovich chumachkin.m@gmail.com
Could not resolve path for [/admin/language/russian/common/filemanager.php] (SKIPPED)
MOD DETAILS:
   modFile   : D:\Hosting\2538419\html\shop\vqmod\xml\dbassa_catalog_categories_to_information_pages.xml
   id        : Categories to Information Pages
   version   : 2.3
   vqmver    : 2.1.7
   author    : dbassa - danbasper@gmail.com
SEARCH NOT FOUND (ABORTING MOD): => $this->url->link('product/category', 'path=' . $path)

----------------------------------------------------------------------


---------- Date: 2013-02-02 19:26:14 ~ IP : 68.191.137.177 ----------
REQUEST URI : /shop/index.php?route=product/product&amp;path=109&amp;product_id=306
MOD DETAILS:
   modFile   : D:\Hosting\2538419\html\shop\vqmod\xml\multiupload_files.xml
   id        : Multiupload files with filemanager
   version   : 1.0.0
   vqmver    : 1.2.0
   author    : Chumachkin Mihail Aleksandrovich chumachkin.m@gmail.com
Could not resolve path for [/admin/language/russian/common/filemanager.php] (SKIPPED)
----------------------------------------------------------------------


---------- Date: 2013-02-02 19:26:15 ~ IP : 68.191.137.177 ----------
REQUEST URI : /shop/index.php?route=product/product/captcha
MOD DETAILS:
   modFile   : D:\Hosting\2538419\html\shop\vqmod\xml\multiupload_files.xml
   id        : Multiupload files with filemanager
   version   : 1.0.0
   vqmver    : 1.2.0
   author    : Chumachkin Mihail Aleksandrovich chumachkin.m@gmail.com
Could not resolve path for [/admin/language/russian/common/filemanager.php] (SKIPPED)
----------------------------------------------------------------------


---------- Date: 2013-02-02 19:26:16 ~ IP : 68.191.137.177 ----------
REQUEST URI : /shop/index.php?route=product/product/review&amp;product_id=306
MOD DETAILS:
   modFile   : D:\Hosting\2538419\html\shop\vqmod\xml\multiupload_files.xml
   id        : Multiupload files with filemanager
   version   : 1.0.0
   vqmver    : 1.2.0
   author    : Chumachkin Mihail Aleksandrovich chumachkin.m@gmail.com
Could not resolve path for [/admin/language/russian/common/filemanager.php] (SKIPPED)
----------------------------------------------------------------------


---------- Date: 2013-02-02 19:26:21 ~ IP : 68.191.137.177 ----------
REQUEST URI : /shop/index.php?route=product/category&amp;path=59
MOD DETAILS:
   modFile   : D:\Hosting\2538419\html\shop\vqmod\xml\multiupload_files.xml
   id        : Multiupload files with filemanager
   version   : 1.0.0
   vqmver    : 1.2.0
   author    : Chumachkin Mihail Aleksandrovich chumachkin.m@gmail.com
Could not resolve path for [/admin/language/russian/common/filemanager.php] (SKIPPED)
MOD DETAILS:
   modFile   : D:\Hosting\2538419\html\shop\vqmod\xml\dbassa_catalog_categories_to_information_pages.xml
   id        : Categories to Information Pages
   version   : 2.3
   vqmver    : 2.1.7
   author    : dbassa - danbasper@gmail.com
SEARCH NOT FOUND (ABORTING MOD): => $this->url->link('product/category', 'path=' . $path)

----------------------------------------------------------------------


---------- Date: 2013-02-02 19:27:53 ~ IP : 68.191.137.177 ----------
REQUEST URI : /shop/index.php?route=product/category&amp;path=59
NO MODS IN USE
----------------------------------------------------------------------


---------- Date: 2013-02-02 19:27:57 ~ IP : 68.191.137.177 ----------
REQUEST URI : /shop/index.php?route=product/product&amp;path=59&amp;product_id=262
NO MODS IN USE
----------------------------------------------------------------------


---------- Date: 2013-02-02 19:27:58 ~ IP : 68.191.137.177 ----------
REQUEST URI : /shop/index.php?route=product/product/captcha
NO MODS IN USE
----------------------------------------------------------------------


---------- Date: 2013-02-02 19:27:58 ~ IP : 68.191.137.177 ----------
REQUEST URI : /shop/index.php?route=product/product/review&amp;product_id=262
NO MODS IN USE
----------------------------------------------------------------------


---------- Date: 2013-02-02 19:28:25 ~ IP : 68.191.137.177 ----------
REQUEST URI : /shop/index.php?route=common/home
NO MODS IN USE
----------------------------------------------------------------------


---------- Date: 2013-02-02 19:28:28 ~ IP : 68.191.137.177 ----------
REQUEST URI : /shop/index.php?route=product/manufacturer/info&amp;manufacturer_id=11
NO MODS IN USE
----------------------------------------------------------------------


---------- Date: 2013-02-02 19:30:02 ~ IP : 68.191.137.177 ----------
REQUEST URI : /shop/index.php?route=common/home
NO MODS IN USE
----------------------------------------------------------------------


---------- Date: 2013-02-02 19:30:16 ~ IP : 68.191.137.177 ----------
REQUEST URI : /shop/index.php?route=product/category&amp;path=59_65
NO MODS IN USE
----------------------------------------------------------------------


---------- Date: 2013-02-02 19:30:24 ~ IP : 68.191.137.177 ----------
REQUEST URI : /shop/index.php?route=product/product&amp;path=59_65&amp;product_id=324
NO MODS IN USE
----------------------------------------------------------------------


---------- Date: 2013-02-02 19:30:25 ~ IP : 68.191.137.177 ----------
REQUEST URI : /shop/index.php?route=product/product/captcha
NO MODS IN USE
----------------------------------------------------------------------


---------- Date: 2013-02-02 19:30:26 ~ IP : 68.191.137.177 ----------
REQUEST URI : /shop/index.php?route=product/product/review&amp;product_id=324
NO MODS IN USE
----------------------------------------------------------------------


---------- Date: 2013-02-02 19:31:17 ~ IP : 68.191.137.177 ----------
REQUEST URI : /shop/index.php?route=product/category&amp;path=69_85
NO MODS IN USE
----------------------------------------------------------------------


---------- Date: 2013-02-02 19:31:21 ~ IP : 68.191.137.177 ----------
REQUEST URI : /shop/index.php?route=product/category&amp;path=69
NO MODS IN USE
----------------------------------------------------------------------


---------- Date: 2013-02-02 19:31:25 ~ IP : 68.191.137.177 ----------
REQUEST URI : /shop/index.php?route=product/category&amp;path=69_85
NO MODS IN USE
----------------------------------------------------------------------


---------- Date: 2013-02-02 19:31:34 ~ IP : 68.191.137.177 ----------
REQUEST URI : /shop/index.php?route=product/product&amp;path=69_85&amp;product_id=300
NO MODS IN USE
----------------------------------------------------------------------


---------- Date: 2013-02-02 19:31:34 ~ IP : 68.191.137.177 ----------
REQUEST URI : /shop/index.php?route=product/product/captcha
NO MODS IN USE
----------------------------------------------------------------------


---------- Date: 2013-02-02 19:31:34 ~ IP : 68.191.137.177 ----------
REQUEST URI : /shop/index.php?route=product/product/review&amp;product_id=300
NO MODS IN USE
----------------------------------------------------------------------


---------- Date: 2013-02-02 19:32:00 ~ IP : 68.191.137.177 ----------
REQUEST URI : /shop/admin/
NO MODS IN USE
----------------------------------------------------------------------


---------- Date: 2013-02-02 19:32:05 ~ IP : 68.191.137.177 ----------
REQUEST URI : /shop/admin/index.php?route=common/login
NO MODS IN USE
----------------------------------------------------------------------


---------- Date: 2013-02-02 19:32:05 ~ IP : 68.191.137.177 ----------
REQUEST URI : /shop/admin/index.php?route=common/home&amp;token=5d24a1c9f97558963649e83147ac35fb
NO MODS IN USE
----------------------------------------------------------------------


---------- Date: 2013-02-02 19:32:07 ~ IP : 68.191.137.177 ----------
REQUEST URI : /shop/admin/index.php?route=common/home/chart&amp;token=5d24a1c9f97558963649e83147ac35fb&amp;range=day
NO MODS IN USE
----------------------------------------------------------------------


---------- Date: 2013-02-02 19:32:08 ~ IP : 68.191.137.177 ----------
REQUEST URI : /shop/admin/index.php?route=catalog/product&amp;token=5d24a1c9f97558963649e83147ac35fb
NO MODS IN USE
----------------------------------------------------------------------


---------- Date: 2013-02-02 19:32:14 ~ IP : 68.191.137.177 ----------
REQUEST URI : /shop/admin/index.php?route=catalog/product&amp;token=5d24a1c9f97558963649e83147ac35fb&amp;page=2
NO MODS IN USE
----------------------------------------------------------------------


---------- Date: 2013-02-02 19:32:16 ~ IP : 68.191.137.177 ----------
REQUEST URI : /shop/admin/index.php?route=catalog/product&amp;token=5d24a1c9f97558963649e83147ac35fb&amp;page=3
NO MODS IN USE
----------------------------------------------------------------------


---------- Date: 2013-02-02 19:32:20 ~ IP : 68.191.137.177 ----------
REQUEST URI : /shop/admin/index.php?route=catalog/product&amp;token=5d24a1c9f97558963649e83147ac35fb&amp;page=4
NO MODS IN USE
----------------------------------------------------------------------


---------- Date: 2013-02-02 19:32:26 ~ IP : 68.191.137.177 ----------
REQUEST URI : /shop/admin/index.php?route=catalog/product/update&amp;token=5d24a1c9f97558963649e83147ac35fb&amp;product_id=300&amp;page=4
NO MODS IN USE
----------------------------------------------------------------------


---------- Date: 2013-02-02 19:32:37 ~ IP : 68.191.137.177 ----------
REQUEST URI : /shop/admin/index.php?route=catalog/product/update&amp;token=5d24a1c9f97558963649e83147ac35fb&amp;product_id=300&amp;page=4
NO MODS IN USE
----------------------------------------------------------------------


---------- Date: 2013-02-02 19:32:54 ~ IP : 68.191.137.177 ----------
REQUEST URI : /shop/
NO MODS IN USE
----------------------------------------------------------------------


---------- Date: 2013-02-02 19:32:55 ~ IP : 68.191.137.177 ----------
REQUEST URI : /shop/admin/
NO MODS IN USE
----------------------------------------------------------------------


---------- Date: 2013-02-02 19:32:57 ~ IP : 68.191.137.177 ----------
REQUEST URI : /shop/admin/index.php?route=common/login
NO MODS IN USE
----------------------------------------------------------------------


---------- Date: 2013-02-02 19:32:57 ~ IP : 68.191.137.177 ----------
REQUEST URI : /shop/admin/index.php?route=common/home&amp;token=3acfd4fa835846569a4e7701bcf716a0
NO MODS IN USE
----------------------------------------------------------------------


---------- Date: 2013-02-02 19:32:58 ~ IP : 68.191.137.177 ----------
REQUEST URI : /shop/admin/index.php?route=common/home/chart&amp;token=3acfd4fa835846569a4e7701bcf716a0&amp;range=day
NO MODS IN USE
----------------------------------------------------------------------


---------- Date: 2013-02-02 19:33:02 ~ IP : 68.191.137.177 ----------
REQUEST URI : /shop/admin/index.php?route=catalog/product&amp;token=3acfd4fa835846569a4e7701bcf716a0
NO MODS IN USE
----------------------------------------------------------------------


---------- Date: 2013-02-02 19:33:05 ~ IP : 68.191.137.177 ----------
REQUEST URI : /shop/admin/index.php?route=catalog/product&amp;token=3acfd4fa835846569a4e7701bcf716a0&amp;filter_name=passport
NO MODS IN USE
----------------------------------------------------------------------


---------- Date: 2013-02-02 19:33:08 ~ IP : 68.191.137.177 ----------
REQUEST URI : /shop/admin/index.php?route=catalog/product&amp;token=3acfd4fa835846569a4e7701bcf716a0&amp;filter_name=Fender%20pass
NO MODS IN USE
----------------------------------------------------------------------


---------- Date: 2013-02-02 19:33:11 ~ IP : 68.191.137.177 ----------
REQUEST URI : /shop/admin/index.php?route=catalog/product/update&amp;token=3acfd4fa835846569a4e7701bcf716a0&amp;product_id=300&amp;filter_name=Fender+pass
NO MODS IN USE
----------------------------------------------------------------------


---------- Date: 2013-02-02 19:34:37 ~ IP : 68.191.137.177 ----------
REQUEST URI : /shop/admin/index.php?route=catalog/product/update&amp;token=3acfd4fa835846569a4e7701bcf716a0&amp;product_id=300&amp;filter_name=Fender+pass
NO MODS IN USE
----------------------------------------------------------------------


---------- Date: 2013-02-02 19:34:37 ~ IP : 68.191.137.177 ----------
REQUEST URI : /shop/admin/index.php?route=catalog/product&amp;token=3acfd4fa835846569a4e7701bcf716a0&amp;filter_name=Fender+pass
NO MODS IN USE
----------------------------------------------------------------------


---------- Date: 2013-02-02 19:34:40 ~ IP : 68.191.137.177 ----------
REQUEST URI : /shop/admin/index.php?route=catalog/product/update&amp;token=3acfd4fa835846569a4e7701bcf716a0&amp;product_id=300&amp;filter_name=Fender+pass
NO MODS IN USE
----------------------------------------------------------------------


---------- Date: 2013-02-02 19:34:41 ~ IP : 68.191.137.177 ----------
REQUEST URI : /shop/admin/index.php?route=catalog/product&amp;token=3acfd4fa835846569a4e7701bcf716a0&amp;filter_name=Fender+pass
NO MODS IN USE
----------------------------------------------------------------------


---------- Date: 2013-02-02 19:34:45 ~ IP : 68.191.137.177 ----------
REQUEST URI : /shop/index.php?route=product/product&amp;path=69_85&amp;product_id=300
NO MODS IN USE
----------------------------------------------------------------------


---------- Date: 2013-02-02 19:34:45 ~ IP : 68.191.137.177 ----------
REQUEST URI : /shop/index.php?route=product/product/captcha
NO MODS IN USE
----------------------------------------------------------------------


---------- Date: 2013-02-02 19:34:46 ~ IP : 68.191.137.177 ----------
REQUEST URI : /shop/index.php?route=product/product/review&amp;product_id=300
NO MODS IN USE
----------------------------------------------------------------------


---------- Date: 2013-02-02 19:35:09 ~ IP : 68.191.137.177 ----------
REQUEST URI : /shop/index.php?route=product/category&amp;path=59
NO MODS IN USE
----------------------------------------------------------------------


---------- Date: 2013-02-02 19:35:16 ~ IP : 68.191.137.177 ----------
REQUEST URI : /shop/index.php?route=product/product&amp;path=59&amp;product_id=262
NO MODS IN USE
----------------------------------------------------------------------


---------- Date: 2013-02-02 19:35:17 ~ IP : 68.191.137.177 ----------
REQUEST URI : /shop/index.php?route=product/product/captcha
NO MODS IN USE
----------------------------------------------------------------------


---------- Date: 2013-02-02 19:35:17 ~ IP : 68.191.137.177 ----------
REQUEST URI : /shop/index.php?route=product/product/review&amp;product_id=262
NO MODS IN USE
----------------------------------------------------------------------


---------- Date: 2013-02-02 19:35:19 ~ IP : 68.191.137.177 ----------
REQUEST URI : /shop/index.php?route=product/category&amp;path=59
NO MODS IN USE
----------------------------------------------------------------------


---------- Date: 2013-02-02 19:35:21 ~ IP : 68.191.137.177 ----------
REQUEST URI : /shop/index.php?route=product/product&amp;path=59&amp;product_id=251
NO MODS IN USE
----------------------------------------------------------------------


---------- Date: 2013-02-02 19:35:21 ~ IP : 68.191.137.177 ----------
REQUEST URI : /shop/index.php?route=product/product/captcha
NO MODS IN USE
----------------------------------------------------------------------


---------- Date: 2013-02-02 19:35:21 ~ IP : 68.191.137.177 ----------
REQUEST URI : /shop/index.php?route=product/product/review&amp;product_id=251
NO MODS IN USE
----------------------------------------------------------------------


---------- Date: 2013-02-02 19:35:28 ~ IP : 68.191.137.177 ----------
REQUEST URI : /shop/admin/index.php?route=catalog/product&amp;token=5d24a1c9f97558963649e83147ac35fb
NO MODS IN USE
----------------------------------------------------------------------


---------- Date: 2013-02-02 19:35:32 ~ IP : 68.191.137.177 ----------
REQUEST URI : /shop/admin/index.php?route=catalog/product&amp;token=5d24a1c9f97558963649e83147ac35fb&amp;filter_name=Fender%20American%20Deluxe
NO MODS IN USE
----------------------------------------------------------------------


---------- Date: 2013-02-02 19:35:34 ~ IP : 68.191.137.177 ----------
REQUEST URI : /shop/admin/index.php?route=catalog/product/update&amp;token=5d24a1c9f97558963649e83147ac35fb&amp;product_id=251&amp;filter_name=Fender+American+Deluxe
NO MODS IN USE
----------------------------------------------------------------------


---------- Date: 2013-02-02 19:35:39 ~ IP : 68.191.137.177 ----------
REQUEST URI : /shop/admin/index.php?route=common/home&amp;token=5d24a1c9f97558963649e83147ac35fb
NO MODS IN USE
----------------------------------------------------------------------


---------- Date: 2013-02-02 19:35:39 ~ IP : 68.191.137.177 ----------
REQUEST URI : /shop/admin/index.php?route=common/home/chart&amp;token=5d24a1c9f97558963649e83147ac35fb&amp;range=day
NO MODS IN USE
----------------------------------------------------------------------


---------- Date: 2013-02-02 19:35:49 ~ IP : 68.191.137.177 ----------
REQUEST URI : /shop/admin/index.php?route=catalog/product&amp;token=3acfd4fa835846569a4e7701bcf716a0&amp;filter_name=Fender%20american
NO MODS IN USE
----------------------------------------------------------------------


---------- Date: 2013-02-02 19:35:51 ~ IP : 68.191.137.177 ----------
REQUEST URI : /shop/admin/index.php?route=catalog/product/update&amp;token=3acfd4fa835846569a4e7701bcf716a0&amp;product_id=356&amp;filter_name=Fender+american
NO MODS IN USE
----------------------------------------------------------------------


---------- Date: 2013-02-02 19:36:52 ~ IP : 68.191.137.177 ----------
REQUEST URI : /shop/admin/index.php?route=catalog/product/update&amp;token=3acfd4fa835846569a4e7701bcf716a0&amp;product_id=356&amp;filter_name=Fender+american
NO MODS IN USE
----------------------------------------------------------------------


---------- Date: 2013-02-02 19:36:53 ~ IP : 68.191.137.177 ----------
REQUEST URI : /shop/admin/index.php?route=catalog/product&amp;token=3acfd4fa835846569a4e7701bcf716a0&amp;filter_name=Fender+american
NO MODS IN USE
----------------------------------------------------------------------


---------- Date: 2013-02-02 19:36:55 ~ IP : 68.191.137.177 ----------
REQUEST URI : /shop/index.php?route=product/product&amp;path=59&amp;product_id=251
NO MODS IN USE
----------------------------------------------------------------------


---------- Date: 2013-02-02 19:36:56 ~ IP : 68.191.137.177 ----------
REQUEST URI : /shop/index.php?route=product/product/captcha
NO MODS IN USE
----------------------------------------------------------------------


---------- Date: 2013-02-02 19:36:56 ~ IP : 68.191.137.177 ----------
REQUEST URI : /shop/index.php?route=product/product/review&amp;product_id=251
NO MODS IN USE
----------------------------------------------------------------------


---------- Date: 2013-02-02 19:37:05 ~ IP : 68.191.137.177 ----------
REQUEST URI : /shop/admin/index.php?route=catalog/product/autocomplete&amp;token=3acfd4fa835846569a4e7701bcf716a0&amp;filter_name=Fender%20american%20
NO MODS IN USE
----------------------------------------------------------------------


---------- Date: 2013-02-02 19:37:08 ~ IP : 68.191.137.177 ----------
REQUEST URI : /shop/admin/index.php?route=catalog/product/update&amp;token=3acfd4fa835846569a4e7701bcf716a0&amp;product_id=251&amp;filter_name=Fender+american
NO MODS IN USE
----------------------------------------------------------------------


---------- Date: 2013-02-02 19:37:37 ~ IP : 68.191.137.177 ----------
REQUEST URI : /shop/admin/index.php?route=catalog/product/update&amp;token=3acfd4fa835846569a4e7701bcf716a0&amp;product_id=251&amp;filter_name=Fender+american
NO MODS IN USE
----------------------------------------------------------------------


---------- Date: 2013-02-02 19:37:37 ~ IP : 68.191.137.177 ----------
REQUEST URI : /shop/admin/index.php?route=catalog/product&amp;token=3acfd4fa835846569a4e7701bcf716a0&amp;filter_name=Fender+american
NO MODS IN USE
----------------------------------------------------------------------


---------- Date: 2013-02-02 19:37:42 ~ IP : 68.191.137.177 ----------
REQUEST URI : /shop/index.php?route=product/product&amp;path=59&amp;product_id=251
NO MODS IN USE
----------------------------------------------------------------------


---------- Date: 2013-02-02 19:37:44 ~ IP : 68.191.137.177 ----------
REQUEST URI : /shop/index.php?route=product/product/captcha
NO MODS IN USE
----------------------------------------------------------------------


---------- Date: 2013-02-02 19:37:46 ~ IP : 68.191.137.177 ----------
REQUEST URI : /shop/index.php?route=product/product/review&amp;product_id=251
NO MODS IN USE
----------------------------------------------------------------------


---------- Date: 2013-02-02 19:38:07 ~ IP : 68.191.137.177 ----------
REQUEST URI : /shop/index.php?route=common/home
NO MODS IN USE
----------------------------------------------------------------------


---------- Date: 2013-02-02 19:46:12 ~ IP : 68.191.137.177 ----------
REQUEST URI : /shop/index.php?route=product/product&amp;product_id=356
MOD DETAILS:
   modFile   : D:\Hosting\2538419\html\shop\vqmod\xml\multiupload_files.xml
   id        : Multiupload files with filemanager
   version   : 1.0.0
   vqmver    : 1.2.0
   author    : Chumachkin Mihail Aleksandrovich chumachkin.m@gmail.com
Could not resolve path for [/admin/language/russian/common/filemanager.php] (SKIPPED)
MOD DETAILS:
   modFile   : D:\Hosting\2538419\html\shop\vqmod\xml\vqmod_remove_category_child_amount_1.0.xml
   id        : Remove category child amount
   version   : 1.0
   vqmver    : 
   author    : thelostart
SEARCH NOT FOUND (ABORTING MOD): 'name'        => $child['name'] . ' (' . $product_total . ')',

----------------------------------------------------------------------


---------- Date: 2013-02-02 19:46:13 ~ IP : 68.191.137.177 ----------
REQUEST URI : /shop/index.php?route=product/product/captcha
MOD DETAILS:
   modFile   : D:\Hosting\2538419\html\shop\vqmod\xml\multiupload_files.xml
   id        : Multiupload files with filemanager
   version   : 1.0.0
   vqmver    : 1.2.0
   author    : Chumachkin Mihail Aleksandrovich chumachkin.m@gmail.com
Could not resolve path for [/admin/language/russian/common/filemanager.php] (SKIPPED)
----------------------------------------------------------------------


---------- Date: 2013-02-02 19:46:14 ~ IP : 68.191.137.177 ----------
REQUEST URI : /shop/index.php?route=product/product/review&amp;product_id=356
MOD DETAILS:
   modFile   : D:\Hosting\2538419\html\shop\vqmod\xml\multiupload_files.xml
   id        : Multiupload files with filemanager
   version   : 1.0.0
   vqmver    : 1.2.0
   author    : Chumachkin Mihail Aleksandrovich chumachkin.m@gmail.com
Could not resolve path for [/admin/language/russian/common/filemanager.php] (SKIPPED)
----------------------------------------------------------------------


---------- Date: 2013-02-02 19:46:26 ~ IP : 68.191.137.177 ----------
REQUEST URI : /shop/index.php?route=product/product&amp;product_id=356
MOD DETAILS:
   modFile   : D:\Hosting\2538419\html\shop\vqmod\xml\multiupload_files.xml
   id        : Multiupload files with filemanager
   version   : 1.0.0
   vqmver    : 1.2.0
   author    : Chumachkin Mihail Aleksandrovich chumachkin.m@gmail.com
Could not resolve path for [/admin/language/russian/common/filemanager.php] (SKIPPED)
----------------------------------------------------------------------


---------- Date: 2013-02-02 19:46:27 ~ IP : 68.191.137.177 ----------
REQUEST URI : /shop/index.php?route=product/product/review&amp;product_id=356
MOD DETAILS:
   modFile   : D:\Hosting\2538419\html\shop\vqmod\xml\multiupload_files.xml
   id        : Multiupload files with filemanager
   version   : 1.0.0
   vqmver    : 1.2.0
   author    : Chumachkin Mihail Aleksandrovich chumachkin.m@gmail.com
Could not resolve path for [/admin/language/russian/common/filemanager.php] (SKIPPED)
----------------------------------------------------------------------


---------- Date: 2013-02-02 19:46:27 ~ IP : 68.191.137.177 ----------
REQUEST URI : /shop/index.php?route=product/product/captcha
MOD DETAILS:
   modFile   : D:\Hosting\2538419\html\shop\vqmod\xml\multiupload_files.xml
   id        : Multiupload files with filemanager
   version   : 1.0.0
   vqmver    : 1.2.0
   author    : Chumachkin Mihail Aleksandrovich chumachkin.m@gmail.com
Could not resolve path for [/admin/language/russian/common/filemanager.php] (SKIPPED)
----------------------------------------------------------------------


---------- Date: 2013-02-02 19:46:43 ~ IP : 68.191.137.177 ----------
REQUEST URI : /shop/admin/index.php?route=setting/setting&amp;token=022c1241e6020503e1cdd4ddbfa0c06b
MOD DETAILS:
   modFile   : D:\Hosting\2538419\html\shop\vqmod\xml\multiupload_files.xml
   id        : Multiupload files with filemanager
   version   : 1.0.0
   vqmver    : 1.2.0
   author    : Chumachkin Mihail Aleksandrovich chumachkin.m@gmail.com
Could not resolve path for [/admin/language/russian/common/filemanager.php] (SKIPPED)
----------------------------------------------------------------------


---------- Date: 2013-02-02 19:46:44 ~ IP : 68.191.137.177 ----------
REQUEST URI : /shop/admin/index.php?route=setting/setting/template&amp;token=022c1241e6020503e1cdd4ddbfa0c06b&amp;template=default
MOD DETAILS:
   modFile   : D:\Hosting\2538419\html\shop\vqmod\xml\multiupload_files.xml
   id        : Multiupload files with filemanager
   version   : 1.0.0
   vqmver    : 1.2.0
   author    : Chumachkin Mihail Aleksandrovich chumachkin.m@gmail.com
Could not resolve path for [/admin/language/russian/common/filemanager.php] (SKIPPED)
----------------------------------------------------------------------


---------- Date: 2013-02-02 19:46:44 ~ IP : 68.191.137.177 ----------
REQUEST URI : /shop/admin/index.php?route=setting/setting/country&amp;token=022c1241e6020503e1cdd4ddbfa0c06b&amp;country_id=223
MOD DETAILS:
   modFile   : D:\Hosting\2538419\html\shop\vqmod\xml\multiupload_files.xml
   id        : Multiupload files with filemanager
   version   : 1.0.0
   vqmver    : 1.2.0
   author    : Chumachkin Mihail Aleksandrovich chumachkin.m@gmail.com
Could not resolve path for [/admin/language/russian/common/filemanager.php] (SKIPPED)
----------------------------------------------------------------------


---------- Date: 2013-02-02 19:46:50 ~ IP : 68.191.137.177 ----------
REQUEST URI : /shop/admin/index.php?route=module/vqmod_manager&amp;token=022c1241e6020503e1cdd4ddbfa0c06b
MOD DETAILS:
   modFile   : D:\Hosting\2538419\html\shop\vqmod\xml\multiupload_files.xml
   id        : Multiupload files with filemanager
   version   : 1.0.0
   vqmver    : 1.2.0
   author    : Chumachkin Mihail Aleksandrovich chumachkin.m@gmail.com
Could not resolve path for [/admin/language/russian/common/filemanager.php] (SKIPPED)
----------------------------------------------------------------------


---------- Date: 2013-02-02 19:47:14 ~ IP : 68.191.137.177 ----------
REQUEST URI : /shop/admin/index.php?route=module/vqmod_manager/vqmod_delete&amp;token=022c1241e6020503e1cdd4ddbfa0c06b&amp;vqmod=auto-related-products.xml_
MOD DETAILS:
   modFile   : D:\Hosting\2538419\html\shop\vqmod\xml\multiupload_files.xml
   id        : Multiupload files with filemanager
   version   : 1.0.0
   vqmver    : 1.2.0
   author    : Chumachkin Mihail Aleksandrovich chumachkin.m@gmail.com
Could not resolve path for [/admin/language/russian/common/filemanager.php] (SKIPPED)
----------------------------------------------------------------------


---------- Date: 2013-02-02 19:47:15 ~ IP : 68.191.137.177 ----------
REQUEST URI : /shop/admin/index.php?route=module/vqmod_manager&amp;token=022c1241e6020503e1cdd4ddbfa0c06b
MOD DETAILS:
   modFile   : D:\Hosting\2538419\html\shop\vqmod\xml\multiupload_files.xml
   id        : Multiupload files with filemanager
   version   : 1.0.0
   vqmver    : 1.2.0
   author    : Chumachkin Mihail Aleksandrovich chumachkin.m@gmail.com
Could not resolve path for [/admin/language/russian/common/filemanager.php] (SKIPPED)
----------------------------------------------------------------------


---------- Date: 2013-02-02 19:47:20 ~ IP : 68.191.137.177 ----------
REQUEST URI : /shop/admin/index.php?route=module/vqmod_manager/vqmod_delete&amp;token=022c1241e6020503e1cdd4ddbfa0c06b&amp;vqmod=webvet_remove_category_count.xml_
MOD DETAILS:
   modFile   : D:\Hosting\2538419\html\shop\vqmod\xml\multiupload_files.xml
   id        : Multiupload files with filemanager
   version   : 1.0.0
   vqmver    : 1.2.0
   author    : Chumachkin Mihail Aleksandrovich chumachkin.m@gmail.com
Could not resolve path for [/admin/language/russian/common/filemanager.php] (SKIPPED)
----------------------------------------------------------------------


---------- Date: 2013-02-02 19:47:20 ~ IP : 68.191.137.177 ----------
REQUEST URI : /shop/admin/index.php?route=module/vqmod_manager&amp;token=022c1241e6020503e1cdd4ddbfa0c06b
MOD DETAILS:
   modFile   : D:\Hosting\2538419\html\shop\vqmod\xml\multiupload_files.xml
   id        : Multiupload files with filemanager
   version   : 1.0.0
   vqmver    : 1.2.0
   author    : Chumachkin Mihail Aleksandrovich chumachkin.m@gmail.com
Could not resolve path for [/admin/language/russian/common/filemanager.php] (SKIPPED)
----------------------------------------------------------------------


---------- Date: 2013-02-02 19:52:47 ~ IP : 68.191.137.177 ----------
REQUEST URI : /shop/index.php?route=product/product&amp;product_id=356
MOD DETAILS:
   modFile   : D:\Hosting\2538419\html\shop\vqmod\xml\multiupload_files.xml
   id        : Multiupload files with filemanager
   version   : 1.0.0
   vqmver    : 1.2.0
   author    : Chumachkin Mihail Aleksandrovich chumachkin.m@gmail.com
Could not resolve path for [/admin/language/russian/common/filemanager.php] (SKIPPED)
----------------------------------------------------------------------


---------- Date: 2013-02-02 19:52:48 ~ IP : 68.191.137.177 ----------
REQUEST URI : /shop/index.php?route=product/product/captcha
MOD DETAILS:
   modFile   : D:\Hosting\2538419\html\shop\vqmod\xml\multiupload_files.xml
   id        : Multiupload files with filemanager
   version   : 1.0.0
   vqmver    : 1.2.0
   author    : Chumachkin Mihail Aleksandrovich chumachkin.m@gmail.com
Could not resolve path for [/admin/language/russian/common/filemanager.php] (SKIPPED)
----------------------------------------------------------------------


---------- Date: 2013-02-02 19:52:48 ~ IP : 68.191.137.177 ----------
REQUEST URI : /shop/index.php?route=product/product/review&amp;product_id=356
MOD DETAILS:
   modFile   : D:\Hosting\2538419\html\shop\vqmod\xml\multiupload_files.xml
   id        : Multiupload files with filemanager
   version   : 1.0.0
   vqmver    : 1.2.0
   author    : Chumachkin Mihail Aleksandrovich chumachkin.m@gmail.com
Could not resolve path for [/admin/language/russian/common/filemanager.php] (SKIPPED)
----------------------------------------------------------------------


---------- Date: 2013-02-02 19:52:59 ~ IP : 68.191.137.177 ----------
REQUEST URI : /shop/index.php?route=product/product&amp;product_id=356
MOD DETAILS:
   modFile   : D:\Hosting\2538419\html\shop\vqmod\xml\multiupload_files.xml
   id        : Multiupload files with filemanager
   version   : 1.0.0
   vqmver    : 1.2.0
   author    : Chumachkin Mihail Aleksandrovich chumachkin.m@gmail.com
Could not resolve path for [/admin/language/russian/common/filemanager.php] (SKIPPED)
----------------------------------------------------------------------


---------- Date: 2013-02-02 19:53:00 ~ IP : 68.191.137.177 ----------
REQUEST URI : /shop/index.php?route=product/product/captcha
MOD DETAILS:
   modFile   : D:\Hosting\2538419\html\shop\vqmod\xml\multiupload_files.xml
   id        : Multiupload files with filemanager
   version   : 1.0.0
   vqmver    : 1.2.0
   author    : Chumachkin Mihail Aleksandrovich chumachkin.m@gmail.com
Could not resolve path for [/admin/language/russian/common/filemanager.php] (SKIPPED)
----------------------------------------------------------------------


---------- Date: 2013-02-02 19:53:00 ~ IP : 68.191.137.177 ----------
REQUEST URI : /shop/index.php?route=product/product/review&amp;product_id=356
MOD DETAILS:
   modFile   : D:\Hosting\2538419\html\shop\vqmod\xml\multiupload_files.xml
   id        : Multiupload files with filemanager
   version   : 1.0.0
   vqmver    : 1.2.0
   author    : Chumachkin Mihail Aleksandrovich chumachkin.m@gmail.com
Could not resolve path for [/admin/language/russian/common/filemanager.php] (SKIPPED)
----------------------------------------------------------------------


---------- Date: 2013-02-02 19:53:13 ~ IP : 68.191.137.177 ----------
REQUEST URI : /shop/index.php?route=product/product&amp;product_id=356
MOD DETAILS:
   modFile   : D:\Hosting\2538419\html\shop\vqmod\xml\multiupload_files.xml
   id        : Multiupload files with filemanager
   version   : 1.0.0
   vqmver    : 1.2.0
   author    : Chumachkin Mihail Aleksandrovich chumachkin.m@gmail.com
Could not resolve path for [/admin/language/russian/common/filemanager.php] (SKIPPED)
----------------------------------------------------------------------


---------- Date: 2013-02-02 19:53:13 ~ IP : 68.191.137.177 ----------
REQUEST URI : /shop/index.php?route=product/product/captcha
MOD DETAILS:
   modFile   : D:\Hosting\2538419\html\shop\vqmod\xml\multiupload_files.xml
   id        : Multiupload files with filemanager
   version   : 1.0.0
   vqmver    : 1.2.0
   author    : Chumachkin Mihail Aleksandrovich chumachkin.m@gmail.com
Could not resolve path for [/admin/language/russian/common/filemanager.php] (SKIPPED)
----------------------------------------------------------------------


---------- Date: 2013-02-02 19:53:13 ~ IP : 68.191.137.177 ----------
REQUEST URI : /shop/index.php?route=product/product/review&amp;product_id=356
MOD DETAILS:
   modFile   : D:\Hosting\2538419\html\shop\vqmod\xml\multiupload_files.xml
   id        : Multiupload files with filemanager
   version   : 1.0.0
   vqmver    : 1.2.0
   author    : Chumachkin Mihail Aleksandrovich chumachkin.m@gmail.com
Could not resolve path for [/admin/language/russian/common/filemanager.php] (SKIPPED)
----------------------------------------------------------------------


---------- Date: 2013-02-02 19:53:22 ~ IP : 68.191.137.177 ----------
REQUEST URI : /shop/index.php?route=product/product&amp;product_id=356
MOD DETAILS:
   modFile   : D:\Hosting\2538419\html\shop\vqmod\xml\multiupload_files.xml
   id        : Multiupload files with filemanager
   version   : 1.0.0
   vqmver    : 1.2.0
   author    : Chumachkin Mihail Aleksandrovich chumachkin.m@gmail.com
Could not resolve path for [/admin/language/russian/common/filemanager.php] (SKIPPED)
----------------------------------------------------------------------


---------- Date: 2013-02-02 19:53:23 ~ IP : 68.191.137.177 ----------
REQUEST URI : /shop/index.php?route=product/product/captcha
MOD DETAILS:
   modFile   : D:\Hosting\2538419\html\shop\vqmod\xml\multiupload_files.xml
   id        : Multiupload files with filemanager
   version   : 1.0.0
   vqmver    : 1.2.0
   author    : Chumachkin Mihail Aleksandrovich chumachkin.m@gmail.com
Could not resolve path for [/admin/language/russian/common/filemanager.php] (SKIPPED)
----------------------------------------------------------------------


---------- Date: 2013-02-02 19:53:23 ~ IP : 68.191.137.177 ----------
REQUEST URI : /shop/index.php?route=product/product/review&amp;product_id=356
MOD DETAILS:
   modFile   : D:\Hosting\2538419\html\shop\vqmod\xml\multiupload_files.xml
   id        : Multiupload files with filemanager
   version   : 1.0.0
   vqmver    : 1.2.0
   author    : Chumachkin Mihail Aleksandrovich chumachkin.m@gmail.com
Could not resolve path for [/admin/language/russian/common/filemanager.php] (SKIPPED)
----------------------------------------------------------------------


---------- Date: 2013-02-02 19:53:31 ~ IP : 68.191.137.177 ----------
REQUEST URI : /shop/index.php?route=product/product&amp;product_id=356
MOD DETAILS:
   modFile   : D:\Hosting\2538419\html\shop\vqmod\xml\multiupload_files.xml
   id        : Multiupload files with filemanager
   version   : 1.0.0
   vqmver    : 1.2.0
   author    : Chumachkin Mihail Aleksandrovich chumachkin.m@gmail.com
Could not resolve path for [/admin/language/russian/common/filemanager.php] (SKIPPED)
----------------------------------------------------------------------


---------- Date: 2013-02-02 19:53:31 ~ IP : 68.191.137.177 ----------
REQUEST URI : /shop/index.php?route=product/product/captcha
MOD DETAILS:
   modFile   : D:\Hosting\2538419\html\shop\vqmod\xml\multiupload_files.xml
   id        : Multiupload files with filemanager
   version   : 1.0.0
   vqmver    : 1.2.0
   author    : Chumachkin Mihail Aleksandrovich chumachkin.m@gmail.com
Could not resolve path for [/admin/language/russian/common/filemanager.php] (SKIPPED)
----------------------------------------------------------------------


---------- Date: 2013-02-02 19:53:31 ~ IP : 68.191.137.177 ----------
REQUEST URI : /shop/index.php?route=product/product/review&amp;product_id=356
MOD DETAILS:
   modFile   : D:\Hosting\2538419\html\shop\vqmod\xml\multiupload_files.xml
   id        : Multiupload files with filemanager
   version   : 1.0.0
   vqmver    : 1.2.0
   author    : Chumachkin Mihail Aleksandrovich chumachkin.m@gmail.com
Could not resolve path for [/admin/language/russian/common/filemanager.php] (SKIPPED)
----------------------------------------------------------------------


---------- Date: 2013-02-02 19:53:53 ~ IP : 68.191.137.177 ----------
REQUEST URI : /shop/index.php?route=product/product&amp;product_id=356
MOD DETAILS:
   modFile   : D:\Hosting\2538419\html\shop\vqmod\xml\multiupload_files.xml
   id        : Multiupload files with filemanager
   version   : 1.0.0
   vqmver    : 1.2.0
   author    : Chumachkin Mihail Aleksandrovich chumachkin.m@gmail.com
Could not resolve path for [/admin/language/russian/common/filemanager.php] (SKIPPED)
MOD DETAILS:
   modFile   : D:\Hosting\2538419\html\shop\vqmod\xml\vqmod_remove_category_child_amount_1.0.xml
   id        : Remove category child amount
   version   : 1.0
   vqmver    : 
   author    : thelostart
SEARCH NOT FOUND (ABORTING MOD): 'name'        => $child['name'] . ' (' . $product_total . ')',

----------------------------------------------------------------------


---------- Date: 2013-02-02 19:53:54 ~ IP : 68.191.137.177 ----------
REQUEST URI : /shop/index.php?route=product/product/review&amp;product_id=356
MOD DETAILS:
   modFile   : D:\Hosting\2538419\html\shop\vqmod\xml\multiupload_files.xml
   id        : Multiupload files with filemanager
   version   : 1.0.0
   vqmver    : 1.2.0
   author    : Chumachkin Mihail Aleksandrovich chumachkin.m@gmail.com
Could not resolve path for [/admin/language/russian/common/filemanager.php] (SKIPPED)
----------------------------------------------------------------------


---------- Date: 2013-02-02 19:53:54 ~ IP : 68.191.137.177 ----------
REQUEST URI : /shop/index.php?route=product/product/captcha
MOD DETAILS:
   modFile   : D:\Hosting\2538419\html\shop\vqmod\xml\multiupload_files.xml
   id        : Multiupload files with filemanager
   version   : 1.0.0
   vqmver    : 1.2.0
   author    : Chumachkin Mihail Aleksandrovich chumachkin.m@gmail.com
Could not resolve path for [/admin/language/russian/common/filemanager.php] (SKIPPED)
----------------------------------------------------------------------


---------- Date: 2013-02-02 19:54:43 ~ IP : 68.191.137.177 ----------
REQUEST URI : /shop/index.php?route=product/product&amp;product_id=356
MOD DETAILS:
   modFile   : D:\Hosting\2538419\html\shop\vqmod\xml\multiupload_files.xml
   id        : Multiupload files with filemanager
   version   : 1.0.0
   vqmver    : 1.2.0
   author    : Chumachkin Mihail Aleksandrovich chumachkin.m@gmail.com
Could not resolve path for [/admin/language/russian/common/filemanager.php] (SKIPPED)
MOD DETAILS:
   modFile   : D:\Hosting\2538419\html\shop\vqmod\xml\vqmod_remove_category_child_amount_1.0.xml
   id        : Remove category child amount
   version   : 1.0
   vqmver    : 
   author    : thelostart
SEARCH NOT FOUND (ABORTING MOD): 'name'        => $child['name'] . ' (' . $product_total . ')',

----------------------------------------------------------------------


---------- Date: 2013-02-02 19:54:43 ~ IP : 68.191.137.177 ----------
REQUEST URI : /shop/index.php?route=product/product/captcha
MOD DETAILS:
   modFile   : D:\Hosting\2538419\html\shop\vqmod\xml\multiupload_files.xml
   id        : Multiupload files with filemanager
   version   : 1.0.0
   vqmver    : 1.2.0
   author    : Chumachkin Mihail Aleksandrovich chumachkin.m@gmail.com
Could not resolve path for [/admin/language/russian/common/filemanager.php] (SKIPPED)
----------------------------------------------------------------------


---------- Date: 2013-02-02 19:54:43 ~ IP : 68.191.137.177 ----------
REQUEST URI : /shop/index.php?route=product/product/review&amp;product_id=356
MOD DETAILS:
   modFile   : D:\Hosting\2538419\html\shop\vqmod\xml\multiupload_files.xml
   id        : Multiupload files with filemanager
   version   : 1.0.0
   vqmver    : 1.2.0
   author    : Chumachkin Mihail Aleksandrovich chumachkin.m@gmail.com
Could not resolve path for [/admin/language/russian/common/filemanager.php] (SKIPPED)
----------------------------------------------------------------------


---------- Date: 2013-02-02 19:55:34 ~ IP : 68.191.137.177 ----------
REQUEST URI : /shop/index.php?route=product/product&amp;product_id=356
MOD DETAILS:
   modFile   : D:\Hosting\2538419\html\shop\vqmod\xml\multiupload_files.xml
   id        : Multiupload files with filemanager
   version   : 1.0.0
   vqmver    : 1.2.0
   author    : Chumachkin Mihail Aleksandrovich chumachkin.m@gmail.com
Could not resolve path for [/admin/language/russian/common/filemanager.php] (SKIPPED)
MOD DETAILS:
   modFile   : D:\Hosting\2538419\html\shop\vqmod\xml\vqmod_remove_category_child_amount_1.0.xml
   id        : Remove category child amount
   version   : 1.0
   vqmver    : 
   author    : thelostart
SEARCH NOT FOUND (ABORTING MOD): 'name'        => $child['name'] . ' (' . $product_total . ')',

----------------------------------------------------------------------


---------- Date: 2013-02-02 19:55:34 ~ IP : 68.191.137.177 ----------
REQUEST URI : /shop/index.php?route=product/product/captcha
MOD DETAILS:
   modFile   : D:\Hosting\2538419\html\shop\vqmod\xml\multiupload_files.xml
   id        : Multiupload files with filemanager
   version   : 1.0.0
   vqmver    : 1.2.0
   author    : Chumachkin Mihail Aleksandrovich chumachkin.m@gmail.com
Could not resolve path for [/admin/language/russian/common/filemanager.php] (SKIPPED)
----------------------------------------------------------------------


---------- Date: 2013-02-02 19:55:34 ~ IP : 68.191.137.177 ----------
REQUEST URI : /shop/index.php?route=product/product/review&amp;product_id=356
MOD DETAILS:
   modFile   : D:\Hosting\2538419\html\shop\vqmod\xml\multiupload_files.xml
   id        : Multiupload files with filemanager
   version   : 1.0.0
   vqmver    : 1.2.0
   author    : Chumachkin Mihail Aleksandrovich chumachkin.m@gmail.com
Could not resolve path for [/admin/language/russian/common/filemanager.php] (SKIPPED)
----------------------------------------------------------------------


---------- Date: 2013-02-02 19:55:43 ~ IP : 68.191.137.177 ----------
REQUEST URI : /shop/index.php?route=product/product&amp;product_id=356
MOD DETAILS:
   modFile   : D:\Hosting\2538419\html\shop\vqmod\xml\multiupload_files.xml
   id        : Multiupload files with filemanager
   version   : 1.0.0
   vqmver    : 1.2.0
   author    : Chumachkin Mihail Aleksandrovich chumachkin.m@gmail.com
Could not resolve path for [/admin/language/russian/common/filemanager.php] (SKIPPED)
MOD DETAILS:
   modFile   : D:\Hosting\2538419\html\shop\vqmod\xml\vqmod_remove_category_child_amount_1.0.xml
   id        : Remove category child amount
   version   : 1.0
   vqmver    : 
   author    : thelostart
SEARCH NOT FOUND (ABORTING MOD): 'name'        => $child['name'] . ' (' . $product_total . ')',

----------------------------------------------------------------------


---------- Date: 2013-02-02 19:55:43 ~ IP : 68.191.137.177 ----------
REQUEST URI : /shop/index.php?route=product/product/captcha
MOD DETAILS:
   modFile   : D:\Hosting\2538419\html\shop\vqmod\xml\multiupload_files.xml
   id        : Multiupload files with filemanager
   version   : 1.0.0
   vqmver    : 1.2.0
   author    : Chumachkin Mihail Aleksandrovich chumachkin.m@gmail.com
Could not resolve path for [/admin/language/russian/common/filemanager.php] (SKIPPED)
----------------------------------------------------------------------


---------- Date: 2013-02-02 19:55:43 ~ IP : 68.191.137.177 ----------
REQUEST URI : /shop/index.php?route=product/product/review&amp;product_id=356
MOD DETAILS:
   modFile   : D:\Hosting\2538419\html\shop\vqmod\xml\multiupload_files.xml
   id        : Multiupload files with filemanager
   version   : 1.0.0
   vqmver    : 1.2.0
   author    : Chumachkin Mihail Aleksandrovich chumachkin.m@gmail.com
Could not resolve path for [/admin/language/russian/common/filemanager.php] (SKIPPED)
----------------------------------------------------------------------


---------- Date: 2013-02-02 19:58:00 ~ IP : 68.191.137.177 ----------
REQUEST URI : /shop/index.php?route=product/product&amp;product_id=356
MOD DETAILS:
   modFile   : D:\Hosting\2538419\html\shop\vqmod\xml\multiupload_files.xml
   id        : Multiupload files with filemanager
   version   : 1.0.0
   vqmver    : 1.2.0
   author    : Chumachkin Mihail Aleksandrovich chumachkin.m@gmail.com
Could not resolve path for [/admin/language/russian/common/filemanager.php] (SKIPPED)
MOD DETAILS:
   modFile   : D:\Hosting\2538419\html\shop\vqmod\xml\vqmod_remove_category_child_amount_1.0.xml
   id        : Remove category child amount
   version   : 1.0
   vqmver    : 
   author    : thelostart
SEARCH NOT FOUND (ABORTING MOD): 'name'        => $child['name'] . ' (' . $product_total . ')',

----------------------------------------------------------------------


---------- Date: 2013-02-02 19:58:00 ~ IP : 68.191.137.177 ----------
REQUEST URI : /shop/index.php?route=product/product/review&amp;product_id=356
MOD DETAILS:
   modFile   : D:\Hosting\2538419\html\shop\vqmod\xml\multiupload_files.xml
   id        : Multiupload files with filemanager
   version   : 1.0.0
   vqmver    : 1.2.0
   author    : Chumachkin Mihail Aleksandrovich chumachkin.m@gmail.com
Could not resolve path for [/admin/language/russian/common/filemanager.php] (SKIPPED)
----------------------------------------------------------------------


---------- Date: 2013-02-02 19:58:00 ~ IP : 68.191.137.177 ----------
REQUEST URI : /shop/index.php?route=product/product/captcha
MOD DETAILS:
   modFile   : D:\Hosting\2538419\html\shop\vqmod\xml\multiupload_files.xml
   id        : Multiupload files with filemanager
   version   : 1.0.0
   vqmver    : 1.2.0
   author    : Chumachkin Mihail Aleksandrovich chumachkin.m@gmail.com
Could not resolve path for [/admin/language/russian/common/filemanager.php] (SKIPPED)
----------------------------------------------------------------------


---------- Date: 2013-02-02 19:58:26 ~ IP : 68.191.137.177 ----------
REQUEST URI : /shop/index.php?route=product/category&amp;path=69_85_108
MOD DETAILS:
   modFile   : D:\Hosting\2538419\html\shop\vqmod\xml\multiupload_files.xml
   id        : Multiupload files with filemanager
   version   : 1.0.0
   vqmver    : 1.2.0
   author    : Chumachkin Mihail Aleksandrovich chumachkin.m@gmail.com
Could not resolve path for [/admin/language/russian/common/filemanager.php] (SKIPPED)
MOD DETAILS:
   modFile   : D:\Hosting\2538419\html\shop\vqmod\xml\dbassa_catalog_categories_to_information_pages.xml
   id        : Categories to Information Pages
   version   : 2.3
   vqmver    : 2.1.7
   author    : dbassa - danbasper@gmail.com
SEARCH NOT FOUND (ABORTING MOD): => $this->url->link('product/category', 'path=' . $path)

----------------------------------------------------------------------


---------- Date: 2013-02-02 19:58:47 ~ IP : 68.191.137.177 ----------
REQUEST URI : /shop/index.php?route=product/category&amp;path=69_85_108
MOD DETAILS:
   modFile   : D:\Hosting\2538419\html\shop\vqmod\xml\multiupload_files.xml
   id        : Multiupload files with filemanager
   version   : 1.0.0
   vqmver    : 1.2.0
   author    : Chumachkin Mihail Aleksandrovich chumachkin.m@gmail.com
Could not resolve path for [/admin/language/russian/common/filemanager.php] (SKIPPED)
MOD DETAILS:
   modFile   : D:\Hosting\2538419\html\shop\vqmod\xml\dbassa_catalog_categories_to_information_pages.xml
   id        : Categories to Information Pages
   version   : 2.3
   vqmver    : 2.1.7
   author    : dbassa - danbasper@gmail.com
SEARCH NOT FOUND (ABORTING MOD): => $this->url->link('product/category', 'path=' . $path)

MOD DETAILS:
   modFile   : D:\Hosting\2538419\html\shop\vqmod\xml\vqmod_remove_category_child_amount_1.0.xml
   id        : Remove category child amount
   version   : 1.0
   vqmver    : 
   author    : thelostart
SEARCH NOT FOUND (ABORTING MOD): 'name'        => $child['name'] . ' (' . $product_total . ')',

----------------------------------------------------------------------


---------- Date: 2013-02-02 19:59:01 ~ IP : 68.191.137.177 ----------
REQUEST URI : /shop/index.php?route=product/category&amp;path=69_85_108
MOD DETAILS:
   modFile   : D:\Hosting\2538419\html\shop\vqmod\xml\multiupload_files.xml
   id        : Multiupload files with filemanager
   version   : 1.0.0
   vqmver    : 1.2.0
   author    : Chumachkin Mihail Aleksandrovich chumachkin.m@gmail.com
Could not resolve path for [/admin/language/russian/common/filemanager.php] (SKIPPED)
MOD DETAILS:
   modFile   : D:\Hosting\2538419\html\shop\vqmod\xml\dbassa_catalog_categories_to_information_pages.xml
   id        : Categories to Information Pages
   version   : 2.3
   vqmver    : 2.1.7
   author    : dbassa - danbasper@gmail.com
SEARCH NOT FOUND (ABORTING MOD): => $this->url->link('product/category', 'path=' . $path)

----------------------------------------------------------------------


---------- Date: 2013-02-02 19:59:32 ~ IP : 68.191.137.177 ----------
REQUEST URI : /shop/index.php?route=product/category&amp;path=69_85_108
MOD DETAILS:
   modFile   : D:\Hosting\2538419\html\shop\vqmod\xml\multiupload_files.xml
   id        : Multiupload files with filemanager
   version   : 1.0.0
   vqmver    : 1.2.0
   author    : Chumachkin Mihail Aleksandrovich chumachkin.m@gmail.com
Could not resolve path for [/admin/language/russian/common/filemanager.php] (SKIPPED)
MOD DETAILS:
   modFile   : D:\Hosting\2538419\html\shop\vqmod\xml\dbassa_catalog_categories_to_information_pages.xml
   id        : Categories to Information Pages
   version   : 2.3
   vqmver    : 2.1.7
   author    : dbassa - danbasper@gmail.com
SEARCH NOT FOUND (ABORTING MOD): => $this->url->link('product/category', 'path=' . $path)

----------------------------------------------------------------------


---------- Date: 2013-02-02 19:59:34 ~ IP : 68.191.137.177 ----------
REQUEST URI : /shop/index.php?route=product/category&amp;path=80
MOD DETAILS:
   modFile   : D:\Hosting\2538419\html\shop\vqmod\xml\multiupload_files.xml
   id        : Multiupload files with filemanager
   version   : 1.0.0
   vqmver    : 1.2.0
   author    : Chumachkin Mihail Aleksandrovich chumachkin.m@gmail.com
Could not resolve path for [/admin/language/russian/common/filemanager.php] (SKIPPED)
MOD DETAILS:
   modFile   : D:\Hosting\2538419\html\shop\vqmod\xml\dbassa_catalog_categories_to_information_pages.xml
   id        : Categories to Information Pages
   version   : 2.3
   vqmver    : 2.1.7
   author    : dbassa - danbasper@gmail.com
SEARCH NOT FOUND (ABORTING MOD): => $this->url->link('product/category', 'path=' . $path)

----------------------------------------------------------------------


---------- Date: 2013-02-02 19:59:39 ~ IP : 68.191.137.177 ----------
REQUEST URI : /shop/index.php?route=product/category&amp;path=59
MOD DETAILS:
   modFile   : D:\Hosting\2538419\html\shop\vqmod\xml\multiupload_files.xml
   id        : Multiupload files with filemanager
   version   : 1.0.0
   vqmver    : 1.2.0
   author    : Chumachkin Mihail Aleksandrovich chumachkin.m@gmail.com
Could not resolve path for [/admin/language/russian/common/filemanager.php] (SKIPPED)
MOD DETAILS:
   modFile   : D:\Hosting\2538419\html\shop\vqmod\xml\dbassa_catalog_categories_to_information_pages.xml
   id        : Categories to Information Pages
   version   : 2.3
   vqmver    : 2.1.7
   author    : dbassa - danbasper@gmail.com
SEARCH NOT FOUND (ABORTING MOD): => $this->url->link('product/category', 'path=' . $path)

----------------------------------------------------------------------


---------- Date: 2013-02-02 19:59:42 ~ IP : 68.191.137.177 ----------
REQUEST URI : /shop/index.php?route=product/category&amp;path=59_65
MOD DETAILS:
   modFile   : D:\Hosting\2538419\html\shop\vqmod\xml\multiupload_files.xml
   id        : Multiupload files with filemanager
   version   : 1.0.0
   vqmver    : 1.2.0
   author    : Chumachkin Mihail Aleksandrovich chumachkin.m@gmail.com
Could not resolve path for [/admin/language/russian/common/filemanager.php] (SKIPPED)
MOD DETAILS:
   modFile   : D:\Hosting\2538419\html\shop\vqmod\xml\dbassa_catalog_categories_to_information_pages.xml
   id        : Categories to Information Pages
   version   : 2.3
   vqmver    : 2.1.7
   author    : dbassa - danbasper@gmail.com
SEARCH NOT FOUND (ABORTING MOD): => $this->url->link('product/category', 'path=' . $path)

----------------------------------------------------------------------


---------- Date: 2013-02-02 19:59:47 ~ IP : 68.191.137.177 ----------
REQUEST URI : /shop/index.php?route=product/product&amp;path=59_65&amp;product_id=329
MOD DETAILS:
   modFile   : D:\Hosting\2538419\html\shop\vqmod\xml\multiupload_files.xml
   id        : Multiupload files with filemanager
   version   : 1.0.0
   vqmver    : 1.2.0
   author    : Chumachkin Mihail Aleksandrovich chumachkin.m@gmail.com
Could not resolve path for [/admin/language/russian/common/filemanager.php] (SKIPPED)
----------------------------------------------------------------------


---------- Date: 2013-02-02 19:59:47 ~ IP : 68.191.137.177 ----------
REQUEST URI : /shop/index.php?route=product/product/captcha
MOD DETAILS:
   modFile   : D:\Hosting\2538419\html\shop\vqmod\xml\multiupload_files.xml
   id        : Multiupload files with filemanager
   version   : 1.0.0
   vqmver    : 1.2.0
   author    : Chumachkin Mihail Aleksandrovich chumachkin.m@gmail.com
Could not resolve path for [/admin/language/russian/common/filemanager.php] (SKIPPED)
----------------------------------------------------------------------


---------- Date: 2013-02-02 19:59:48 ~ IP : 68.191.137.177 ----------
REQUEST URI : /shop/index.php?route=product/product/review&amp;product_id=329
MOD DETAILS:
   modFile   : D:\Hosting\2538419\html\shop\vqmod\xml\multiupload_files.xml
   id        : Multiupload files with filemanager
   version   : 1.0.0
   vqmver    : 1.2.0
   author    : Chumachkin Mihail Aleksandrovich chumachkin.m@gmail.com
Could not resolve path for [/admin/language/russian/common/filemanager.php] (SKIPPED)
----------------------------------------------------------------------


---------- Date: 2013-02-02 19:59:53 ~ IP : 68.191.137.177 ----------
REQUEST URI : /shop/index.php?route=product/product&amp;path=59_65&amp;product_id=329
MOD DETAILS:
   modFile   : D:\Hosting\2538419\html\shop\vqmod\xml\multiupload_files.xml
   id        : Multiupload files with filemanager
   version   : 1.0.0
   vqmver    : 1.2.0
   author    : Chumachkin Mihail Aleksandrovich chumachkin.m@gmail.com
Could not resolve path for [/admin/language/russian/common/filemanager.php] (SKIPPED)
----------------------------------------------------------------------


---------- Date: 2013-02-02 19:59:53 ~ IP : 68.191.137.177 ----------
REQUEST URI : /shop/index.php?route=product/product/captcha
MOD DETAILS:
   modFile   : D:\Hosting\2538419\html\shop\vqmod\xml\multiupload_files.xml
   id        : Multiupload files with filemanager
   version   : 1.0.0
   vqmver    : 1.2.0
   author    : Chumachkin Mihail Aleksandrovich chumachkin.m@gmail.com
Could not resolve path for [/admin/language/russian/common/filemanager.php] (SKIPPED)
----------------------------------------------------------------------


---------- Date: 2013-02-02 19:59:54 ~ IP : 68.191.137.177 ----------
REQUEST URI : /shop/index.php?route=product/product/review&amp;product_id=329
MOD DETAILS:
   modFile   : D:\Hosting\2538419\html\shop\vqmod\xml\multiupload_files.xml
   id        : Multiupload files with filemanager
   version   : 1.0.0
   vqmver    : 1.2.0
   author    : Chumachkin Mihail Aleksandrovich chumachkin.m@gmail.com
Could not resolve path for [/admin/language/russian/common/filemanager.php] (SKIPPED)
----------------------------------------------------------------------


---------- Date: 2013-02-02 20:01:25 ~ IP : 68.191.137.177 ----------
REQUEST URI : /shop/index.php?route=product/category&amp;path=59_78
MOD DETAILS:
   modFile   : D:\Hosting\2538419\html\shop\vqmod\xml\multiupload_files.xml
   id        : Multiupload files with filemanager
   version   : 1.0.0
   vqmver    : 1.2.0
   author    : Chumachkin Mihail Aleksandrovich chumachkin.m@gmail.com
Could not resolve path for [/admin/language/russian/common/filemanager.php] (SKIPPED)
MOD DETAILS:
   modFile   : D:\Hosting\2538419\html\shop\vqmod\xml\dbassa_catalog_categories_to_information_pages.xml
   id        : Categories to Information Pages
   version   : 2.3
   vqmver    : 2.1.7
   author    : dbassa - danbasper@gmail.com
SEARCH NOT FOUND (ABORTING MOD): => $this->url->link('product/category', 'path=' . $path)

----------------------------------------------------------------------


---------- Date: 2013-02-02 20:01:26 ~ IP : 68.191.137.177 ----------
REQUEST URI : /shop/index.php?route=product/category&amp;path=59_60
MOD DETAILS:
   modFile   : D:\Hosting\2538419\html\shop\vqmod\xml\multiupload_files.xml
   id        : Multiupload files with filemanager
   version   : 1.0.0
   vqmver    : 1.2.0
   author    : Chumachkin Mihail Aleksandrovich chumachkin.m@gmail.com
Could not resolve path for [/admin/language/russian/common/filemanager.php] (SKIPPED)
MOD DETAILS:
   modFile   : D:\Hosting\2538419\html\shop\vqmod\xml\dbassa_catalog_categories_to_information_pages.xml
   id        : Categories to Information Pages
   version   : 2.3
   vqmver    : 2.1.7
   author    : dbassa - danbasper@gmail.com
SEARCH NOT FOUND (ABORTING MOD): => $this->url->link('product/category', 'path=' . $path)

----------------------------------------------------------------------


---------- Date: 2013-02-02 20:01:29 ~ IP : 68.191.137.177 ----------
REQUEST URI : /shop/index.php?route=product/category&amp;path=61_63
MOD DETAILS:
   modFile   : D:\Hosting\2538419\html\shop\vqmod\xml\multiupload_files.xml
   id        : Multiupload files with filemanager
   version   : 1.0.0
   vqmver    : 1.2.0
   author    : Chumachkin Mihail Aleksandrovich chumachkin.m@gmail.com
Could not resolve path for [/admin/language/russian/common/filemanager.php] (SKIPPED)
MOD DETAILS:
   modFile   : D:\Hosting\2538419\html\shop\vqmod\xml\dbassa_catalog_categories_to_information_pages.xml
   id        : Categories to Information Pages
   version   : 2.3
   vqmver    : 2.1.7
   author    : dbassa - danbasper@gmail.com
SEARCH NOT FOUND (ABORTING MOD): => $this->url->link('product/category', 'path=' . $path)

----------------------------------------------------------------------


---------- Date: 2013-02-02 20:01:35 ~ IP : 68.191.137.177 ----------
REQUEST URI : /shop/index.php?route=product/category&amp;path=80_81
MOD DETAILS:
   modFile   : D:\Hosting\2538419\html\shop\vqmod\xml\multiupload_files.xml
   id        : Multiupload files with filemanager
   version   : 1.0.0
   vqmver    : 1.2.0
   author    : Chumachkin Mihail Aleksandrovich chumachkin.m@gmail.com
Could not resolve path for [/admin/language/russian/common/filemanager.php] (SKIPPED)
MOD DETAILS:
   modFile   : D:\Hosting\2538419\html\shop\vqmod\xml\dbassa_catalog_categories_to_information_pages.xml
   id        : Categories to Information Pages
   version   : 2.3
   vqmver    : 2.1.7
   author    : dbassa - danbasper@gmail.com
SEARCH NOT FOUND (ABORTING MOD): => $this->url->link('product/category', 'path=' . $path)

----------------------------------------------------------------------


---------- Date: 2013-02-02 20:04:28 ~ IP : 68.191.137.177 ----------
REQUEST URI : /shop/index.php?route=product/product&amp;product_id=356
MOD DETAILS:
   modFile   : D:\Hosting\2538419\html\shop\vqmod\xml\multiupload_files.xml
   id        : Multiupload files with filemanager
   version   : 1.0.0
   vqmver    : 1.2.0
   author    : Chumachkin Mihail Aleksandrovich chumachkin.m@gmail.com
Could not resolve path for [/admin/language/russian/common/filemanager.php] (SKIPPED)
----------------------------------------------------------------------


---------- Date: 2013-02-02 20:04:29 ~ IP : 68.191.137.177 ----------
REQUEST URI : /shop/index.php?route=product/product/review&amp;product_id=356
MOD DETAILS:
   modFile   : D:\Hosting\2538419\html\shop\vqmod\xml\multiupload_files.xml
   id        : Multiupload files with filemanager
   version   : 1.0.0
   vqmver    : 1.2.0
   author    : Chumachkin Mihail Aleksandrovich chumachkin.m@gmail.com
Could not resolve path for [/admin/language/russian/common/filemanager.php] (SKIPPED)
----------------------------------------------------------------------


---------- Date: 2013-02-02 20:04:29 ~ IP : 68.191.137.177 ----------
REQUEST URI : /shop/index.php?route=product/product/captcha
MOD DETAILS:
   modFile   : D:\Hosting\2538419\html\shop\vqmod\xml\multiupload_files.xml
   id        : Multiupload files with filemanager
   version   : 1.0.0
   vqmver    : 1.2.0
   author    : Chumachkin Mihail Aleksandrovich chumachkin.m@gmail.com
Could not resolve path for [/admin/language/russian/common/filemanager.php] (SKIPPED)
----------------------------------------------------------------------


---------- Date: 2013-02-02 20:05:05 ~ IP : 68.191.137.177 ----------
REQUEST URI : /shop/index.php?route=product/product&amp;path=69_85_86&amp;product_id=300
MOD DETAILS:
   modFile   : D:\Hosting\2538419\html\shop\vqmod\xml\multiupload_files.xml
   id        : Multiupload files with filemanager
   version   : 1.0.0
   vqmver    : 1.2.0
   author    : Chumachkin Mihail Aleksandrovich chumachkin.m@gmail.com
Could not resolve path for [/admin/language/russian/common/filemanager.php] (SKIPPED)
----------------------------------------------------------------------


---------- Date: 2013-02-02 20:05:06 ~ IP : 68.191.137.177 ----------
REQUEST URI : /shop/index.php?route=product/product/captcha
MOD DETAILS:
   modFile   : D:\Hosting\2538419\html\shop\vqmod\xml\multiupload_files.xml
   id        : Multiupload files with filemanager
   version   : 1.0.0
   vqmver    : 1.2.0
   author    : Chumachkin Mihail Aleksandrovich chumachkin.m@gmail.com
Could not resolve path for [/admin/language/russian/common/filemanager.php] (SKIPPED)
----------------------------------------------------------------------


---------- Date: 2013-02-02 20:05:06 ~ IP : 68.191.137.177 ----------
REQUEST URI : /shop/index.php?route=product/product/review&amp;product_id=300
MOD DETAILS:
   modFile   : D:\Hosting\2538419\html\shop\vqmod\xml\multiupload_files.xml
   id        : Multiupload files with filemanager
   version   : 1.0.0
   vqmver    : 1.2.0
   author    : Chumachkin Mihail Aleksandrovich chumachkin.m@gmail.com
Could not resolve path for [/admin/language/russian/common/filemanager.php] (SKIPPED)
----------------------------------------------------------------------


