---------- Date: 2013-02-06 09:29:57 ~ IP : 24.96.5.241 ----------
REQUEST URI : /shop/
MOD DETAILS:
   modFile   : D:\Hosting\2538419\html\shop\vqmod\xml\multiupload_files.xml
   id        : Multiupload files with filemanager
   version   : 1.0.0
   vqmver    : 1.2.0
   author    : Chumachkin Mihail Aleksandrovich chumachkin.m@gmail.com
Could not resolve path for [/admin/language/russian/common/filemanager.php] (SKIPPED)
----------------------------------------------------------------------


---------- Date: 2013-02-06 09:31:07 ~ IP : 24.96.5.241 ----------
REQUEST URI : /shop/
MOD DETAILS:
   modFile   : D:\Hosting\2538419\html\shop\vqmod\xml\multiupload_files.xml
   id        : Multiupload files with filemanager
   version   : 1.0.0
   vqmver    : 1.2.0
   author    : Chumachkin Mihail Aleksandrovich chumachkin.m@gmail.com
Could not resolve path for [/admin/language/russian/common/filemanager.php] (SKIPPED)
----------------------------------------------------------------------


---------- Date: 2013-02-06 09:35:39 ~ IP : 24.96.5.241 ----------
REQUEST URI : /shop/
MOD DETAILS:
   modFile   : D:\Hosting\2538419\html\shop\vqmod\xml\multiupload_files.xml
   id        : Multiupload files with filemanager
   version   : 1.0.0
   vqmver    : 1.2.0
   author    : Chumachkin Mihail Aleksandrovich chumachkin.m@gmail.com
Could not resolve path for [/admin/language/russian/common/filemanager.php] (SKIPPED)
----------------------------------------------------------------------


---------- Date: 2013-02-06 09:36:54 ~ IP : 24.96.5.241 ----------
REQUEST URI : /shop/index.php?route=common/home
MOD DETAILS:
   modFile   : D:\Hosting\2538419\html\shop\vqmod\xml\multiupload_files.xml
   id        : Multiupload files with filemanager
   version   : 1.0.0
   vqmver    : 1.2.0
   author    : Chumachkin Mihail Aleksandrovich chumachkin.m@gmail.com
Could not resolve path for [/admin/language/russian/common/filemanager.php] (SKIPPED)
----------------------------------------------------------------------


